<?xml version="1.0" encoding="UTF-8"?>
<!-- Generated by org.testng.reporters.JUnitXMLReporter -->
<testsuite ignored="0" hostname="Leonids-MacBook-Air.local" failures="0" tests="8" name="/Users/leon.kuchman/IdeaProjects/testng_initial_project/pom.xml" time="47.26" errors="0" timestamp="2023-05-05T15:56:53 EDT">
  <testcase classname="scripts.TechGlobalValidationLoginFormCard" name="validateTechGlobalLoginFormCard" time="3.555"/>
  <testcase classname="scripts.TechGlobalValidationLoginFormCard" name="validateTechGlobalLoginFormCardValidLogin" time="3.225"/>
  <testcase classname="scripts.TechGlobalValidationLoginFormCard" name="validateLoginFormCardAndLogout" time="3.034"/>
  <testcase classname="scripts.TechGlobalValidationLoginFormCard" name="validateForgotPasswordLinkAndReset" time="3.016"/>
  <testcase classname="scripts.TechGlobalValidationLoginFormCard" name="validateTGLoginFormCardResetPasswordLink" time="2.818"/>
  <testcase classname="scripts.TechGlobalValidationLoginFormCard" name="validateTGInvalidLoginWithWrongUsername" time="2.978"/>
  <testcase classname="scripts.TechGlobalValidationLoginFormCard" name="validateTGInvalidLoginWithWrongPassword" time="3.236"/>
  <testcase classname="scripts.TechGlobalValidationLoginFormCard" name="validateTGInvalidLoginWithWrongBothCredentials" time="6.889"/>
</testsuite> <!-- /Users/leon.kuchman/IdeaProjects/testng_initial_project/pom.xml -->
